[2026-01-16T10:37:45.771+0000] {manager.py:470} INFO - Processing files using up to 2 processes at a time 
[2026-01-16T10:37:45.788+0000] {manager.py:471} INFO - Process each file at most once every 30 seconds
[2026-01-16T10:37:45.792+0000] {manager.py:472} INFO - Checking for new files in /opt/airflow/dags every 300 seconds
[2026-01-16T10:37:45.795+0000] {manager.py:737} INFO - Searching for files in /opt/airflow/dags
[2026-01-16T10:37:45.874+0000] {manager.py:740} INFO - There are 1 files in /opt/airflow/dags
[2026-01-16T10:37:46.639+0000] {manager.py:878} INFO - 
================================================================================
DAG File Processing Stats

File Path                           PID  Runtime      # DAGs    # Errors  Last Runtime    Last Run
--------------------------------  -----  ---------  --------  ----------  --------------  ----------
/opt/airflow/dags/iceberg_dag.py    159  0.06s             0           0
================================================================================
[2026-01-16T10:38:16.819+0000] {manager.py:878} INFO - 
================================================================================
DAG File Processing Stats

File Path                         PID    Runtime      # DAGs    # Errors  Last Runtime    Last Run
--------------------------------  -----  ---------  --------  ----------  --------------  -------------------
/opt/airflow/dags/iceberg_dag.py                           1           0  1.49s           2026-01-16T10:37:48
================================================================================
[2026-01-16T10:38:47.457+0000] {manager.py:878} INFO - 
================================================================================
DAG File Processing Stats

File Path                         PID    Runtime      # DAGs    # Errors  Last Runtime    Last Run
--------------------------------  -----  ---------  --------  ----------  --------------  -------------------
/opt/airflow/dags/iceberg_dag.py                           1           0  0.43s           2026-01-16T10:38:19
================================================================================
[2026-01-16T10:39:17.795+0000] {manager.py:878} INFO - 
================================================================================
DAG File Processing Stats

File Path                         PID    Runtime      # DAGs    # Errors  Last Runtime    Last Run
--------------------------------  -----  ---------  --------  ----------  --------------  -------------------
/opt/airflow/dags/iceberg_dag.py                           1           0  0.78s           2026-01-16T10:38:50
================================================================================
[2026-01-16T10:39:48.482+0000] {manager.py:878} INFO - 
================================================================================
DAG File Processing Stats

File Path                         PID    Runtime      # DAGs    # Errors  Last Runtime    Last Run
--------------------------------  -----  ---------  --------  ----------  --------------  -------------------
/opt/airflow/dags/iceberg_dag.py                           1           0  0.33s           2026-01-16T10:39:21
================================================================================
[2026-01-16T10:40:18.940+0000] {manager.py:878} INFO - 
================================================================================
DAG File Processing Stats

File Path                         PID    Runtime      # DAGs    # Errors  Last Runtime    Last Run
--------------------------------  -----  ---------  --------  ----------  --------------  -------------------
/opt/airflow/dags/iceberg_dag.py                           1           0  0.25s           2026-01-16T10:39:51
================================================================================
[2026-01-16T10:40:49.401+0000] {manager.py:878} INFO - 
================================================================================
DAG File Processing Stats

File Path                         PID    Runtime      # DAGs    # Errors  Last Runtime    Last Run
--------------------------------  -----  ---------  --------  ----------  --------------  -------------------
/opt/airflow/dags/iceberg_dag.py                           1           0  0.26s           2026-01-16T10:40:22
================================================================================
[2026-01-16T10:41:19.943+0000] {manager.py:878} INFO - 
================================================================================
DAG File Processing Stats

File Path                         PID    Runtime      # DAGs    # Errors  Last Runtime    Last Run
--------------------------------  -----  ---------  --------  ----------  --------------  -------------------
/opt/airflow/dags/iceberg_dag.py                           1           0  0.21s           2026-01-16T10:40:52
================================================================================
[2026-01-16T10:41:50.938+0000] {manager.py:878} INFO - 
================================================================================
DAG File Processing Stats

File Path                         PID    Runtime      # DAGs    # Errors  Last Runtime    Last Run
--------------------------------  -----  ---------  --------  ----------  --------------  -------------------
/opt/airflow/dags/iceberg_dag.py                           1           0  1.03s           2026-01-16T10:41:26
================================================================================
[2026-01-16T10:42:21.305+0000] {manager.py:878} INFO - 
================================================================================
DAG File Processing Stats

File Path                         PID    Runtime      # DAGs    # Errors  Last Runtime    Last Run
--------------------------------  -----  ---------  --------  ----------  --------------  -------------------
/opt/airflow/dags/iceberg_dag.py                           1           0  0.36s           2026-01-16T10:41:57
================================================================================
[2026-01-16T10:42:46.031+0000] {manager.py:737} INFO - Searching for files in /opt/airflow/dags
[2026-01-16T10:42:46.071+0000] {manager.py:740} INFO - There are 1 files in /opt/airflow/dags
[2026-01-16T10:42:52.219+0000] {manager.py:878} INFO - 
================================================================================
DAG File Processing Stats

File Path                         PID    Runtime      # DAGs    # Errors  Last Runtime    Last Run
--------------------------------  -----  ---------  --------  ----------  --------------  -------------------
/opt/airflow/dags/iceberg_dag.py                           1           0  0.15s           2026-01-16T10:42:27
================================================================================
[2026-01-16T10:43:22.598+0000] {manager.py:878} INFO - 
================================================================================
DAG File Processing Stats

File Path                         PID    Runtime      # DAGs    # Errors  Last Runtime    Last Run
--------------------------------  -----  ---------  --------  ----------  --------------  -------------------
/opt/airflow/dags/iceberg_dag.py                           1           0  0.17s           2026-01-16T10:42:58
================================================================================
[2026-01-16T10:43:53.065+0000] {manager.py:878} INFO - 
================================================================================
DAG File Processing Stats

File Path                         PID    Runtime      # DAGs    # Errors  Last Runtime    Last Run
--------------------------------  -----  ---------  --------  ----------  --------------  -------------------
/opt/airflow/dags/iceberg_dag.py                           1           0  0.16s           2026-01-16T10:43:28
================================================================================
[2026-01-16T10:44:23.388+0000] {manager.py:878} INFO - 
================================================================================
DAG File Processing Stats

File Path                         PID    Runtime      # DAGs    # Errors  Last Runtime    Last Run
--------------------------------  -----  ---------  --------  ----------  --------------  -------------------
/opt/airflow/dags/iceberg_dag.py                           1           0  0.30s           2026-01-16T10:43:59
================================================================================
[2026-01-16T10:44:53.750+0000] {manager.py:878} INFO - 
================================================================================
DAG File Processing Stats

File Path                         PID    Runtime      # DAGs    # Errors  Last Runtime    Last Run
--------------------------------  -----  ---------  --------  ----------  --------------  -------------------
/opt/airflow/dags/iceberg_dag.py                           1           0  0.17s           2026-01-16T10:44:29
================================================================================
[2026-01-16T10:45:24.054+0000] {manager.py:878} INFO - 
================================================================================
DAG File Processing Stats

File Path                         PID    Runtime      # DAGs    # Errors  Last Runtime    Last Run
--------------------------------  -----  ---------  --------  ----------  --------------  -------------------
/opt/airflow/dags/iceberg_dag.py                           1           0  0.15s           2026-01-16T10:44:59
================================================================================
[2026-01-16T10:45:54.467+0000] {manager.py:878} INFO - 
================================================================================
DAG File Processing Stats

File Path                         PID    Runtime      # DAGs    # Errors  Last Runtime    Last Run
--------------------------------  -----  ---------  --------  ----------  --------------  -------------------
/opt/airflow/dags/iceberg_dag.py                           1           0  0.15s           2026-01-16T10:45:30
================================================================================
[2026-01-16T10:46:24.815+0000] {manager.py:878} INFO - 
================================================================================
DAG File Processing Stats

File Path                         PID    Runtime      # DAGs    # Errors  Last Runtime    Last Run
--------------------------------  -----  ---------  --------  ----------  --------------  -------------------
/opt/airflow/dags/iceberg_dag.py                           1           0  0.15s           2026-01-16T10:46:00
================================================================================
[2026-01-16T10:46:55.195+0000] {manager.py:878} INFO - 
================================================================================
DAG File Processing Stats

File Path                         PID    Runtime      # DAGs    # Errors  Last Runtime    Last Run
--------------------------------  -----  ---------  --------  ----------  --------------  -------------------
/opt/airflow/dags/iceberg_dag.py                           1           0  0.14s           2026-01-16T10:46:31
================================================================================
[2026-01-16T10:47:25.532+0000] {manager.py:878} INFO - 
================================================================================
DAG File Processing Stats

File Path                         PID    Runtime      # DAGs    # Errors  Last Runtime    Last Run
--------------------------------  -----  ---------  --------  ----------  --------------  -------------------
/opt/airflow/dags/iceberg_dag.py                           1           0  0.15s           2026-01-16T10:47:01
================================================================================
[2026-01-16T10:47:46.040+0000] {manager.py:737} INFO - Searching for files in /opt/airflow/dags
[2026-01-16T10:47:46.064+0000] {manager.py:740} INFO - There are 1 files in /opt/airflow/dags
[2026-01-16T10:47:56.306+0000] {manager.py:878} INFO - 
================================================================================
DAG File Processing Stats

File Path                         PID    Runtime      # DAGs    # Errors  Last Runtime    Last Run
--------------------------------  -----  ---------  --------  ----------  --------------  -------------------
/opt/airflow/dags/iceberg_dag.py                           1           0  0.15s           2026-01-16T10:47:31
================================================================================
[2026-01-16T10:48:26.692+0000] {manager.py:878} INFO - 
================================================================================
DAG File Processing Stats

File Path                         PID    Runtime      # DAGs    # Errors  Last Runtime    Last Run
--------------------------------  -----  ---------  --------  ----------  --------------  -------------------
/opt/airflow/dags/iceberg_dag.py                           1           0  0.73s           2026-01-16T10:48:02
================================================================================
[2026-01-16T10:48:57.503+0000] {manager.py:878} INFO - 
================================================================================
DAG File Processing Stats

File Path                         PID    Runtime      # DAGs    # Errors  Last Runtime    Last Run
--------------------------------  -----  ---------  --------  ----------  --------------  -------------------
/opt/airflow/dags/iceberg_dag.py                           1           0  0.20s           2026-01-16T10:48:33
================================================================================
[2026-01-16T10:49:27.945+0000] {manager.py:878} INFO - 
================================================================================
DAG File Processing Stats

File Path                         PID    Runtime      # DAGs    # Errors  Last Runtime    Last Run
--------------------------------  -----  ---------  --------  ----------  --------------  -------------------
/opt/airflow/dags/iceberg_dag.py                           1           0  0.15s           2026-01-16T10:49:03
================================================================================
[2026-01-16T10:49:58.328+0000] {manager.py:878} INFO - 
================================================================================
DAG File Processing Stats

File Path                         PID    Runtime      # DAGs    # Errors  Last Runtime    Last Run
--------------------------------  -----  ---------  --------  ----------  --------------  -------------------
/opt/airflow/dags/iceberg_dag.py                           1           0  0.21s           2026-01-16T10:49:34
================================================================================
[2026-01-16T10:50:28.752+0000] {manager.py:878} INFO - 
================================================================================
DAG File Processing Stats

File Path                         PID    Runtime      # DAGs    # Errors  Last Runtime    Last Run
--------------------------------  -----  ---------  --------  ----------  --------------  -------------------
/opt/airflow/dags/iceberg_dag.py                           1           0  0.23s           2026-01-16T10:50:04
================================================================================
[2026-01-16T10:50:59.297+0000] {manager.py:878} INFO - 
================================================================================
DAG File Processing Stats

File Path                         PID    Runtime      # DAGs    # Errors  Last Runtime    Last Run
--------------------------------  -----  ---------  --------  ----------  --------------  -------------------
/opt/airflow/dags/iceberg_dag.py                           1           0  0.31s           2026-01-16T10:50:35
================================================================================
[2026-01-16T10:51:29.761+0000] {manager.py:878} INFO - 
================================================================================
DAG File Processing Stats

File Path                         PID    Runtime      # DAGs    # Errors  Last Runtime    Last Run
--------------------------------  -----  ---------  --------  ----------  --------------  -------------------
/opt/airflow/dags/iceberg_dag.py                           1           0  0.15s           2026-01-16T10:51:05
================================================================================
[2026-01-16T10:52:00.149+0000] {manager.py:878} INFO - 
================================================================================
DAG File Processing Stats

File Path                         PID    Runtime      # DAGs    # Errors  Last Runtime    Last Run
--------------------------------  -----  ---------  --------  ----------  --------------  -------------------
/opt/airflow/dags/iceberg_dag.py                           1           0  0.19s           2026-01-16T10:51:36
================================================================================
[2026-01-16T10:52:30.637+0000] {manager.py:878} INFO - 
================================================================================
DAG File Processing Stats

File Path                         PID    Runtime      # DAGs    # Errors  Last Runtime    Last Run
--------------------------------  -----  ---------  --------  ----------  --------------  -------------------
/opt/airflow/dags/iceberg_dag.py                           1           0  0.25s           2026-01-16T10:52:06
================================================================================
[2026-01-16T10:52:46.916+0000] {manager.py:737} INFO - Searching for files in /opt/airflow/dags
[2026-01-16T10:52:46.945+0000] {manager.py:740} INFO - There are 1 files in /opt/airflow/dags
[2026-01-16T10:53:01.160+0000] {manager.py:878} INFO - 
================================================================================
DAG File Processing Stats

File Path                         PID    Runtime      # DAGs    # Errors  Last Runtime    Last Run
--------------------------------  -----  ---------  --------  ----------  --------------  -------------------
/opt/airflow/dags/iceberg_dag.py                           1           0  0.14s           2026-01-16T10:52:36
================================================================================
[2026-01-16T10:53:31.594+0000] {manager.py:878} INFO - 
================================================================================
DAG File Processing Stats

File Path                         PID    Runtime      # DAGs    # Errors  Last Runtime    Last Run
--------------------------------  -----  ---------  --------  ----------  --------------  -------------------
/opt/airflow/dags/iceberg_dag.py                           1           0  0.21s           2026-01-16T10:53:07
================================================================================
[2026-01-16T10:54:02.012+0000] {manager.py:878} INFO - 
================================================================================
DAG File Processing Stats

File Path                         PID    Runtime      # DAGs    # Errors  Last Runtime    Last Run
--------------------------------  -----  ---------  --------  ----------  --------------  -------------------
/opt/airflow/dags/iceberg_dag.py                           1           0  0.22s           2026-01-16T10:53:37
================================================================================
[2026-01-16T10:54:32.506+0000] {manager.py:878} INFO - 
================================================================================
DAG File Processing Stats

File Path                         PID    Runtime      # DAGs    # Errors  Last Runtime    Last Run
--------------------------------  -----  ---------  --------  ----------  --------------  -------------------
/opt/airflow/dags/iceberg_dag.py                           1           0  0.21s           2026-01-16T10:54:08
================================================================================
[2026-01-16T10:55:02.855+0000] {manager.py:878} INFO - 
================================================================================
DAG File Processing Stats

File Path                         PID    Runtime      # DAGs    # Errors  Last Runtime    Last Run
--------------------------------  -----  ---------  --------  ----------  --------------  -------------------
/opt/airflow/dags/iceberg_dag.py                           1           0  0.19s           2026-01-16T10:54:38
================================================================================
[2026-01-16T10:55:33.343+0000] {manager.py:878} INFO - 
================================================================================
DAG File Processing Stats

File Path                         PID    Runtime      # DAGs    # Errors  Last Runtime    Last Run
--------------------------------  -----  ---------  --------  ----------  --------------  -------------------
/opt/airflow/dags/iceberg_dag.py                           1           0  0.17s           2026-01-16T10:55:09
================================================================================
[2026-01-16T10:56:03.767+0000] {manager.py:878} INFO - 
================================================================================
DAG File Processing Stats

File Path                         PID    Runtime      # DAGs    # Errors  Last Runtime    Last Run
--------------------------------  -----  ---------  --------  ----------  --------------  -------------------
/opt/airflow/dags/iceberg_dag.py                           1           0  0.20s           2026-01-16T10:55:39
================================================================================
[2026-01-16T10:56:34.189+0000] {manager.py:878} INFO - 
================================================================================
DAG File Processing Stats

File Path                         PID    Runtime      # DAGs    # Errors  Last Runtime    Last Run
--------------------------------  -----  ---------  --------  ----------  --------------  -------------------
/opt/airflow/dags/iceberg_dag.py                           1           0  0.16s           2026-01-16T10:56:10
================================================================================
[2026-01-16T10:57:04.603+0000] {manager.py:878} INFO - 
================================================================================
DAG File Processing Stats

File Path                         PID    Runtime      # DAGs    # Errors  Last Runtime    Last Run
--------------------------------  -----  ---------  --------  ----------  --------------  -------------------
/opt/airflow/dags/iceberg_dag.py                           1           0  0.21s           2026-01-16T10:56:40
================================================================================
[2026-01-16T10:57:34.921+0000] {manager.py:878} INFO - 
================================================================================
DAG File Processing Stats

File Path                         PID    Runtime      # DAGs    # Errors  Last Runtime    Last Run
--------------------------------  -----  ---------  --------  ----------  --------------  -------------------
/opt/airflow/dags/iceberg_dag.py                           1           0  0.14s           2026-01-16T10:57:10
================================================================================
[2026-01-16T10:57:47.177+0000] {manager.py:737} INFO - Searching for files in /opt/airflow/dags
[2026-01-16T10:57:47.251+0000] {manager.py:740} INFO - There are 1 files in /opt/airflow/dags
[2026-01-16T10:58:05.506+0000] {manager.py:878} INFO - 
================================================================================
DAG File Processing Stats

File Path                         PID    Runtime      # DAGs    # Errors  Last Runtime    Last Run
--------------------------------  -----  ---------  --------  ----------  --------------  -------------------
/opt/airflow/dags/iceberg_dag.py                           1           0  0.14s           2026-01-16T10:57:41
================================================================================
[2026-01-16T10:58:35.885+0000] {manager.py:878} INFO - 
================================================================================
DAG File Processing Stats

File Path                         PID    Runtime      # DAGs    # Errors  Last Runtime    Last Run
--------------------------------  -----  ---------  --------  ----------  --------------  -------------------
/opt/airflow/dags/iceberg_dag.py                           1           0  0.15s           2026-01-16T10:58:11
================================================================================
[2026-01-16T10:59:06.221+0000] {manager.py:878} INFO - 
================================================================================
DAG File Processing Stats

File Path                         PID    Runtime      # DAGs    # Errors  Last Runtime    Last Run
--------------------------------  -----  ---------  --------  ----------  --------------  -------------------
/opt/airflow/dags/iceberg_dag.py                           1           0  0.15s           2026-01-16T10:58:42
================================================================================
[2026-01-16T10:59:36.644+0000] {manager.py:878} INFO - 
================================================================================
DAG File Processing Stats

File Path                         PID    Runtime      # DAGs    # Errors  Last Runtime    Last Run
--------------------------------  -----  ---------  --------  ----------  --------------  -------------------
/opt/airflow/dags/iceberg_dag.py                           1           0  0.16s           2026-01-16T10:59:12
================================================================================
[2026-01-16T11:00:07.254+0000] {manager.py:878} INFO - 
================================================================================
DAG File Processing Stats

File Path                         PID    Runtime      # DAGs    # Errors  Last Runtime    Last Run
--------------------------------  -----  ---------  --------  ----------  --------------  -------------------
/opt/airflow/dags/iceberg_dag.py                           1           0  0.18s           2026-01-16T10:59:42
================================================================================
[2026-01-16T11:00:37.568+0000] {manager.py:878} INFO - 
================================================================================
DAG File Processing Stats

File Path                         PID    Runtime      # DAGs    # Errors  Last Runtime    Last Run
--------------------------------  -----  ---------  --------  ----------  --------------  -------------------
/opt/airflow/dags/iceberg_dag.py                           1           0  0.25s           2026-01-16T11:00:13
================================================================================
[2026-01-16T11:01:07.932+0000] {manager.py:878} INFO - 
================================================================================
DAG File Processing Stats

File Path                         PID    Runtime      # DAGs    # Errors  Last Runtime    Last Run
--------------------------------  -----  ---------  --------  ----------  --------------  -------------------
/opt/airflow/dags/iceberg_dag.py                           1           0  0.17s           2026-01-16T11:00:43
================================================================================
[2026-01-16T11:01:38.324+0000] {manager.py:878} INFO - 
================================================================================
DAG File Processing Stats

File Path                         PID    Runtime      # DAGs    # Errors  Last Runtime    Last Run
--------------------------------  -----  ---------  --------  ----------  --------------  -------------------
/opt/airflow/dags/iceberg_dag.py                           1           0  0.18s           2026-01-16T11:01:14
================================================================================
[2026-01-16T11:02:08.641+0000] {manager.py:878} INFO - 
================================================================================
DAG File Processing Stats

File Path                         PID    Runtime      # DAGs    # Errors  Last Runtime    Last Run
--------------------------------  -----  ---------  --------  ----------  --------------  -------------------
/opt/airflow/dags/iceberg_dag.py                           1           0  0.15s           2026-01-16T11:01:44
================================================================================
[2026-01-16T11:02:39.071+0000] {manager.py:878} INFO - 
================================================================================
DAG File Processing Stats

File Path                         PID    Runtime      # DAGs    # Errors  Last Runtime    Last Run
--------------------------------  -----  ---------  --------  ----------  --------------  -------------------
/opt/airflow/dags/iceberg_dag.py                           1           0  0.17s           2026-01-16T11:02:14
================================================================================
[2026-01-16T11:02:47.355+0000] {manager.py:737} INFO - Searching for files in /opt/airflow/dags
[2026-01-16T11:02:47.394+0000] {manager.py:740} INFO - There are 1 files in /opt/airflow/dags
[2026-01-16T11:03:09.411+0000] {manager.py:878} INFO - 
================================================================================
DAG File Processing Stats

File Path                         PID    Runtime      # DAGs    # Errors  Last Runtime    Last Run
--------------------------------  -----  ---------  --------  ----------  --------------  -------------------
/opt/airflow/dags/iceberg_dag.py                           1           0  0.19s           2026-01-16T11:02:45
================================================================================
[2026-01-16T11:03:39.743+0000] {manager.py:878} INFO - 
================================================================================
DAG File Processing Stats

File Path                         PID    Runtime      # DAGs    # Errors  Last Runtime    Last Run
--------------------------------  -----  ---------  --------  ----------  --------------  -------------------
/opt/airflow/dags/iceberg_dag.py                           1           0  0.21s           2026-01-16T11:03:15
================================================================================
[2026-01-16T11:04:10.278+0000] {manager.py:878} INFO - 
================================================================================
DAG File Processing Stats

File Path                         PID    Runtime      # DAGs    # Errors  Last Runtime    Last Run
--------------------------------  -----  ---------  --------  ----------  --------------  -------------------
/opt/airflow/dags/iceberg_dag.py                           1           0  0.22s           2026-01-16T11:03:46
================================================================================
[2026-01-16T11:04:40.630+0000] {manager.py:878} INFO - 
================================================================================
DAG File Processing Stats

File Path                         PID    Runtime      # DAGs    # Errors  Last Runtime    Last Run
--------------------------------  -----  ---------  --------  ----------  --------------  -------------------
/opt/airflow/dags/iceberg_dag.py                           1           0  0.18s           2026-01-16T11:04:16
================================================================================
[2026-01-16T11:05:11.423+0000] {manager.py:878} INFO - 
================================================================================
DAG File Processing Stats

File Path                         PID    Runtime      # DAGs    # Errors  Last Runtime    Last Run
--------------------------------  -----  ---------  --------  ----------  --------------  -------------------
/opt/airflow/dags/iceberg_dag.py                           1           0  0.26s           2026-01-16T11:04:46
================================================================================
[2026-01-16T11:05:41.821+0000] {manager.py:878} INFO - 
================================================================================
DAG File Processing Stats

File Path                         PID    Runtime      # DAGs    # Errors  Last Runtime    Last Run
--------------------------------  -----  ---------  --------  ----------  --------------  -------------------
/opt/airflow/dags/iceberg_dag.py                           1           0  0.28s           2026-01-16T11:05:17
================================================================================
[2026-01-16T11:06:12.232+0000] {manager.py:878} INFO - 
================================================================================
DAG File Processing Stats

File Path                         PID    Runtime      # DAGs    # Errors  Last Runtime    Last Run
--------------------------------  -----  ---------  --------  ----------  --------------  -------------------
/opt/airflow/dags/iceberg_dag.py                           1           0  0.22s           2026-01-16T11:05:48
================================================================================
[2026-01-16T11:06:42.786+0000] {manager.py:878} INFO - 
================================================================================
DAG File Processing Stats

File Path                         PID    Runtime      # DAGs    # Errors  Last Runtime    Last Run
--------------------------------  -----  ---------  --------  ----------  --------------  -------------------
/opt/airflow/dags/iceberg_dag.py                           1           0  0.24s           2026-01-16T11:06:18
================================================================================
[2026-01-16T11:07:13.065+0000] {manager.py:878} INFO - 
================================================================================
DAG File Processing Stats

File Path                         PID    Runtime      # DAGs    # Errors  Last Runtime    Last Run
--------------------------------  -----  ---------  --------  ----------  --------------  -------------------
/opt/airflow/dags/iceberg_dag.py                           1           0  0.23s           2026-01-16T11:06:49
================================================================================
[2026-01-16T11:07:43.576+0000] {manager.py:878} INFO - 
================================================================================
DAG File Processing Stats

File Path                         PID    Runtime      # DAGs    # Errors  Last Runtime    Last Run
--------------------------------  -----  ---------  --------  ----------  --------------  -------------------
/opt/airflow/dags/iceberg_dag.py                           1           0  0.19s           2026-01-16T11:07:19
================================================================================
[2026-01-16T11:07:47.693+0000] {manager.py:737} INFO - Searching for files in /opt/airflow/dags
[2026-01-16T11:07:47.725+0000] {manager.py:740} INFO - There are 1 files in /opt/airflow/dags
[2026-01-16T11:08:14.159+0000] {manager.py:878} INFO - 
================================================================================
DAG File Processing Stats

File Path                         PID    Runtime      # DAGs    # Errors  Last Runtime    Last Run
--------------------------------  -----  ---------  --------  ----------  --------------  -------------------
/opt/airflow/dags/iceberg_dag.py                           1           0  0.18s           2026-01-16T11:07:49
================================================================================
[2026-01-16T11:08:44.743+0000] {manager.py:878} INFO - 
================================================================================
DAG File Processing Stats

File Path                         PID    Runtime      # DAGs    # Errors  Last Runtime    Last Run
--------------------------------  -----  ---------  --------  ----------  --------------  -------------------
/opt/airflow/dags/iceberg_dag.py                           1           0  0.25s           2026-01-16T11:08:20
================================================================================
[2026-01-16T11:09:15.208+0000] {manager.py:878} INFO - 
================================================================================
DAG File Processing Stats

File Path                         PID    Runtime      # DAGs    # Errors  Last Runtime    Last Run
--------------------------------  -----  ---------  --------  ----------  --------------  -------------------
/opt/airflow/dags/iceberg_dag.py                           1           0  0.15s           2026-01-16T11:08:51
================================================================================
[2026-01-16T11:09:45.681+0000] {manager.py:878} INFO - 
================================================================================
DAG File Processing Stats

File Path                         PID    Runtime      # DAGs    # Errors  Last Runtime    Last Run
--------------------------------  -----  ---------  --------  ----------  --------------  -------------------
/opt/airflow/dags/iceberg_dag.py                           1           0  0.18s           2026-01-16T11:09:21
================================================================================
[2026-01-16T11:10:16.139+0000] {manager.py:878} INFO - 
================================================================================
DAG File Processing Stats

File Path                         PID    Runtime      # DAGs    # Errors  Last Runtime    Last Run
--------------------------------  -----  ---------  --------  ----------  --------------  -------------------
/opt/airflow/dags/iceberg_dag.py                           1           0  0.21s           2026-01-16T11:09:52
================================================================================
[2026-01-16T11:10:46.672+0000] {manager.py:878} INFO - 
================================================================================
DAG File Processing Stats

File Path                         PID    Runtime      # DAGs    # Errors  Last Runtime    Last Run
--------------------------------  -----  ---------  --------  ----------  --------------  -------------------
/opt/airflow/dags/iceberg_dag.py                           1           0  0.27s           2026-01-16T11:10:22
================================================================================
[2026-01-16T11:11:16.928+0000] {manager.py:878} INFO - 
================================================================================
DAG File Processing Stats

File Path                         PID    Runtime      # DAGs    # Errors  Last Runtime    Last Run
--------------------------------  -----  ---------  --------  ----------  --------------  -------------------
/opt/airflow/dags/iceberg_dag.py                           1           0  0.48s           2026-01-16T11:10:53
================================================================================
[2026-01-16T11:11:47.498+0000] {manager.py:878} INFO - 
================================================================================
DAG File Processing Stats

File Path                         PID    Runtime      # DAGs    # Errors  Last Runtime    Last Run
--------------------------------  -----  ---------  --------  ----------  --------------  -------------------
/opt/airflow/dags/iceberg_dag.py                           1           0  0.32s           2026-01-16T11:11:24
================================================================================
[2026-01-16T11:12:17.911+0000] {manager.py:878} INFO - 
================================================================================
DAG File Processing Stats

File Path                         PID    Runtime      # DAGs    # Errors  Last Runtime    Last Run
--------------------------------  -----  ---------  --------  ----------  --------------  -------------------
/opt/airflow/dags/iceberg_dag.py                           1           0  0.33s           2026-01-16T11:11:54
================================================================================
[2026-01-16T11:12:48.235+0000] {manager.py:737} INFO - Searching for files in /opt/airflow/dags
[2026-01-16T11:12:48.254+0000] {manager.py:740} INFO - There are 1 files in /opt/airflow/dags
[2026-01-16T11:12:48.276+0000] {manager.py:878} INFO - 
================================================================================
DAG File Processing Stats

File Path                         PID    Runtime      # DAGs    # Errors  Last Runtime    Last Run
--------------------------------  -----  ---------  --------  ----------  --------------  -------------------
/opt/airflow/dags/iceberg_dag.py                           1           0  0.19s           2026-01-16T11:12:25
================================================================================
[2026-01-16T11:13:18.612+0000] {manager.py:878} INFO - 
================================================================================
DAG File Processing Stats

File Path                         PID    Runtime      # DAGs    # Errors  Last Runtime    Last Run
--------------------------------  -----  ---------  --------  ----------  --------------  -------------------
/opt/airflow/dags/iceberg_dag.py                           1           0  0.40s           2026-01-16T11:12:55
================================================================================
[2026-01-16T11:13:49.294+0000] {manager.py:878} INFO - 
================================================================================
DAG File Processing Stats

File Path                         PID    Runtime      # DAGs    # Errors  Last Runtime    Last Run
--------------------------------  -----  ---------  --------  ----------  --------------  -------------------
/opt/airflow/dags/iceberg_dag.py                           1           0  0.15s           2026-01-16T11:13:26
================================================================================
[2026-01-16T11:14:19.715+0000] {manager.py:878} INFO - 
================================================================================
DAG File Processing Stats

File Path                         PID    Runtime      # DAGs    # Errors  Last Runtime    Last Run
--------------------------------  -----  ---------  --------  ----------  --------------  -------------------
/opt/airflow/dags/iceberg_dag.py                           1           0  0.15s           2026-01-16T11:13:56
================================================================================
[2026-01-16T11:14:50.085+0000] {manager.py:878} INFO - 
================================================================================
DAG File Processing Stats

File Path                         PID    Runtime      # DAGs    # Errors  Last Runtime    Last Run
--------------------------------  -----  ---------  --------  ----------  --------------  -------------------
/opt/airflow/dags/iceberg_dag.py                           1           0  0.18s           2026-01-16T11:14:26
================================================================================
[2026-01-16T11:15:20.502+0000] {manager.py:878} INFO - 
================================================================================
DAG File Processing Stats

File Path                         PID    Runtime      # DAGs    # Errors  Last Runtime    Last Run
--------------------------------  -----  ---------  --------  ----------  --------------  -------------------
/opt/airflow/dags/iceberg_dag.py                           1           0  0.16s           2026-01-16T11:14:57
================================================================================
[2026-01-16T11:15:50.992+0000] {manager.py:878} INFO - 
================================================================================
DAG File Processing Stats

File Path                         PID    Runtime      # DAGs    # Errors  Last Runtime    Last Run
--------------------------------  -----  ---------  --------  ----------  --------------  -------------------
/opt/airflow/dags/iceberg_dag.py                           1           0  0.22s           2026-01-16T11:15:27
================================================================================
[2026-01-16T11:16:21.381+0000] {manager.py:878} INFO - 
================================================================================
DAG File Processing Stats

File Path                         PID    Runtime      # DAGs    # Errors  Last Runtime    Last Run
--------------------------------  -----  ---------  --------  ----------  --------------  -------------------
/opt/airflow/dags/iceberg_dag.py                           1           0  0.16s           2026-01-16T11:15:58
================================================================================
[2026-01-16T11:16:51.775+0000] {manager.py:878} INFO - 
================================================================================
DAG File Processing Stats

File Path                         PID    Runtime      # DAGs    # Errors  Last Runtime    Last Run
--------------------------------  -----  ---------  --------  ----------  --------------  -------------------
/opt/airflow/dags/iceberg_dag.py                           1           0  0.19s           2026-01-16T11:16:28
================================================================================
[2026-01-16T11:17:22.308+0000] {manager.py:878} INFO - 
================================================================================
DAG File Processing Stats

File Path                         PID    Runtime      # DAGs    # Errors  Last Runtime    Last Run
--------------------------------  -----  ---------  --------  ----------  --------------  -------------------
/opt/airflow/dags/iceberg_dag.py                           1           0  0.16s           2026-01-16T11:16:59
================================================================================
[2026-01-16T11:17:48.560+0000] {manager.py:737} INFO - Searching for files in /opt/airflow/dags
[2026-01-16T11:17:48.587+0000] {manager.py:740} INFO - There are 1 files in /opt/airflow/dags
[2026-01-16T11:17:52.644+0000] {manager.py:878} INFO - 
================================================================================
DAG File Processing Stats

File Path                         PID    Runtime      # DAGs    # Errors  Last Runtime    Last Run
--------------------------------  -----  ---------  --------  ----------  --------------  -------------------
/opt/airflow/dags/iceberg_dag.py                           1           0  0.24s           2026-01-16T11:17:29
================================================================================
[2026-01-16T11:18:23.058+0000] {manager.py:878} INFO - 
================================================================================
DAG File Processing Stats

File Path                         PID    Runtime      # DAGs    # Errors  Last Runtime    Last Run
--------------------------------  -----  ---------  --------  ----------  --------------  -------------------
/opt/airflow/dags/iceberg_dag.py                           1           0  0.26s           2026-01-16T11:17:59
================================================================================
[2026-01-16T11:18:53.504+0000] {manager.py:878} INFO - 
================================================================================
DAG File Processing Stats

File Path                         PID    Runtime      # DAGs    # Errors  Last Runtime    Last Run
--------------------------------  -----  ---------  --------  ----------  --------------  -------------------
/opt/airflow/dags/iceberg_dag.py                           1           0  0.40s           2026-01-16T11:18:30
================================================================================
[2026-01-16T11:19:23.867+0000] {manager.py:878} INFO - 
================================================================================
DAG File Processing Stats

File Path                         PID    Runtime      # DAGs    # Errors  Last Runtime    Last Run
--------------------------------  -----  ---------  --------  ----------  --------------  -------------------
/opt/airflow/dags/iceberg_dag.py                           1           0  0.14s           2026-01-16T11:19:00
================================================================================
[2026-01-16T11:19:54.252+0000] {manager.py:878} INFO - 
================================================================================
DAG File Processing Stats

File Path                         PID    Runtime      # DAGs    # Errors  Last Runtime    Last Run
--------------------------------  -----  ---------  --------  ----------  --------------  -------------------
/opt/airflow/dags/iceberg_dag.py                           1           0  0.14s           2026-01-16T11:19:31
================================================================================
[2026-01-16T11:20:24.590+0000] {manager.py:878} INFO - 
================================================================================
DAG File Processing Stats

File Path                         PID    Runtime      # DAGs    # Errors  Last Runtime    Last Run
--------------------------------  -----  ---------  --------  ----------  --------------  -------------------
/opt/airflow/dags/iceberg_dag.py                           1           0  0.17s           2026-01-16T11:20:01
================================================================================
[2026-01-16T11:20:55.019+0000] {manager.py:878} INFO - 
================================================================================
DAG File Processing Stats

File Path                         PID    Runtime      # DAGs    # Errors  Last Runtime    Last Run
--------------------------------  -----  ---------  --------  ----------  --------------  -------------------
/opt/airflow/dags/iceberg_dag.py                           1           0  0.18s           2026-01-16T11:20:31
================================================================================
[2026-01-16T11:21:25.412+0000] {manager.py:878} INFO - 
================================================================================
DAG File Processing Stats

File Path                         PID    Runtime      # DAGs    # Errors  Last Runtime    Last Run
--------------------------------  -----  ---------  --------  ----------  --------------  -------------------
/opt/airflow/dags/iceberg_dag.py                           1           0  0.15s           2026-01-16T11:21:02
================================================================================
[2026-01-16T11:21:55.780+0000] {manager.py:878} INFO - 
================================================================================
DAG File Processing Stats

File Path                         PID    Runtime      # DAGs    # Errors  Last Runtime    Last Run
--------------------------------  -----  ---------  --------  ----------  --------------  -------------------
/opt/airflow/dags/iceberg_dag.py                           1           0  0.15s           2026-01-16T11:21:32
================================================================================
[2026-01-16T11:22:26.200+0000] {manager.py:878} INFO - 
================================================================================
DAG File Processing Stats

File Path                         PID    Runtime      # DAGs    # Errors  Last Runtime    Last Run
--------------------------------  -----  ---------  --------  ----------  --------------  -------------------
/opt/airflow/dags/iceberg_dag.py                           1           0  0.15s           2026-01-16T11:22:03
================================================================================
[2026-01-16T11:22:48.703+0000] {manager.py:737} INFO - Searching for files in /opt/airflow/dags
[2026-01-16T11:22:48.725+0000] {manager.py:740} INFO - There are 1 files in /opt/airflow/dags
[2026-01-16T11:22:56.614+0000] {manager.py:878} INFO - 
================================================================================
DAG File Processing Stats

File Path                         PID    Runtime      # DAGs    # Errors  Last Runtime    Last Run
--------------------------------  -----  ---------  --------  ----------  --------------  -------------------
/opt/airflow/dags/iceberg_dag.py                           1           0  0.24s           2026-01-16T11:22:33
================================================================================
[2026-01-16T11:23:27.083+0000] {manager.py:878} INFO - 
================================================================================
DAG File Processing Stats

File Path                         PID    Runtime      # DAGs    # Errors  Last Runtime    Last Run
--------------------------------  -----  ---------  --------  ----------  --------------  -------------------
/opt/airflow/dags/iceberg_dag.py                           1           0  0.20s           2026-01-16T11:23:03
================================================================================
[2026-01-16T11:23:57.654+0000] {manager.py:878} INFO - 
================================================================================
DAG File Processing Stats

File Path                         PID    Runtime      # DAGs    # Errors  Last Runtime    Last Run
--------------------------------  -----  ---------  --------  ----------  --------------  -------------------
/opt/airflow/dags/iceberg_dag.py                           1           0  0.19s           2026-01-16T11:23:34
================================================================================
[2026-01-16T11:24:28.152+0000] {manager.py:878} INFO - 
================================================================================
DAG File Processing Stats

File Path                         PID    Runtime      # DAGs    # Errors  Last Runtime    Last Run
--------------------------------  -----  ---------  --------  ----------  --------------  -------------------
/opt/airflow/dags/iceberg_dag.py                           1           0  0.17s           2026-01-16T11:24:04
================================================================================
[2026-01-16T11:24:58.666+0000] {manager.py:878} INFO - 
================================================================================
DAG File Processing Stats

File Path                         PID    Runtime      # DAGs    # Errors  Last Runtime    Last Run
--------------------------------  -----  ---------  --------  ----------  --------------  -------------------
/opt/airflow/dags/iceberg_dag.py                           1           0  0.17s           2026-01-16T11:24:35
================================================================================
[2026-01-16T11:25:29.202+0000] {manager.py:878} INFO - 
================================================================================
DAG File Processing Stats

File Path                         PID    Runtime      # DAGs    # Errors  Last Runtime    Last Run
--------------------------------  -----  ---------  --------  ----------  --------------  -------------------
/opt/airflow/dags/iceberg_dag.py                           1           0  0.23s           2026-01-16T11:25:06
================================================================================
[2026-01-16T11:25:59.628+0000] {manager.py:878} INFO - 
================================================================================
DAG File Processing Stats

File Path                           PID  Runtime      # DAGs    # Errors  Last Runtime    Last Run
--------------------------------  -----  ---------  --------  ----------  --------------  -------------------
/opt/airflow/dags/iceberg_dag.py    651  0.00s             1           0  0.23s           2026-01-16T11:25:36
================================================================================
[2026-01-16T11:26:30.105+0000] {manager.py:878} INFO - 
================================================================================
DAG File Processing Stats

File Path                           PID  Runtime      # DAGs    # Errors  Last Runtime    Last Run
--------------------------------  -----  ---------  --------  ----------  --------------  -------------------
/opt/airflow/dags/iceberg_dag.py    656  0.01s             0           1  0.17s           2026-01-16T11:25:59
================================================================================
[2026-01-16T11:29:07.252+0000] {manager.py:470} INFO - Processing files using up to 2 processes at a time 
[2026-01-16T11:29:07.282+0000] {manager.py:471} INFO - Process each file at most once every 30 seconds
[2026-01-16T11:29:07.286+0000] {manager.py:472} INFO - Checking for new files in /opt/airflow/dags every 300 seconds
[2026-01-16T11:29:07.289+0000] {manager.py:737} INFO - Searching for files in /opt/airflow/dags
[2026-01-16T11:29:07.563+0000] {manager.py:740} INFO - There are 1 files in /opt/airflow/dags
[2026-01-16T11:29:09.169+0000] {manager.py:878} INFO - 
================================================================================
DAG File Processing Stats

File Path                           PID  Runtime      # DAGs    # Errors  Last Runtime    Last Run
--------------------------------  -----  ---------  --------  ----------  --------------  ----------
/opt/airflow/dags/iceberg_dag.py    159  0.08s             0           0
================================================================================
[2026-01-16T11:29:39.535+0000] {manager.py:878} INFO - 
================================================================================
DAG File Processing Stats

File Path                           PID  Runtime      # DAGs    # Errors  Last Runtime    Last Run
--------------------------------  -----  ---------  --------  ----------  --------------  -------------------
/opt/airflow/dags/iceberg_dag.py    164  0.02s             0           1  0.15s           2026-01-16T11:29:09
================================================================================
[2026-01-16T11:30:09.583+0000] {manager.py:878} INFO - 
================================================================================
DAG File Processing Stats

File Path                         PID    Runtime      # DAGs    # Errors  Last Runtime    Last Run
--------------------------------  -----  ---------  --------  ----------  --------------  -------------------
/opt/airflow/dags/iceberg_dag.py                           0           1  1.43s           2026-01-16T11:29:40
================================================================================
[2026-01-16T11:30:39.941+0000] {manager.py:878} INFO - 
================================================================================
DAG File Processing Stats

File Path                         PID    Runtime      # DAGs    # Errors  Last Runtime    Last Run
--------------------------------  -----  ---------  --------  ----------  --------------  -------------------
/opt/airflow/dags/iceberg_dag.py                           0           1  0.14s           2026-01-16T11:30:11
================================================================================
[2026-01-16T11:31:10.286+0000] {manager.py:878} INFO - 
================================================================================
DAG File Processing Stats

File Path                         PID    Runtime      # DAGs    # Errors  Last Runtime    Last Run
--------------------------------  -----  ---------  --------  ----------  --------------  -------------------
/opt/airflow/dags/iceberg_dag.py                           0           1  0.13s           2026-01-16T11:30:42
================================================================================
[2026-01-16T11:31:40.677+0000] {manager.py:878} INFO - 
================================================================================
DAG File Processing Stats

File Path                         PID    Runtime      # DAGs    # Errors  Last Runtime    Last Run
--------------------------------  -----  ---------  --------  ----------  --------------  -------------------
/opt/airflow/dags/iceberg_dag.py                           0           1  0.13s           2026-01-16T11:31:12
================================================================================
[2026-01-16T11:32:11.020+0000] {manager.py:878} INFO - 
================================================================================
DAG File Processing Stats

File Path                         PID    Runtime      # DAGs    # Errors  Last Runtime    Last Run
--------------------------------  -----  ---------  --------  ----------  --------------  -------------------
/opt/airflow/dags/iceberg_dag.py                           0           1  0.34s           2026-01-16T11:31:43
================================================================================
[2026-01-16T11:33:16.712+0000] {manager.py:470} INFO - Processing files using up to 2 processes at a time 
[2026-01-16T11:33:16.715+0000] {manager.py:471} INFO - Process each file at most once every 30 seconds
[2026-01-16T11:33:16.717+0000] {manager.py:472} INFO - Checking for new files in /opt/airflow/dags every 300 seconds
[2026-01-16T11:33:16.724+0000] {manager.py:737} INFO - Searching for files in /opt/airflow/dags
[2026-01-16T11:33:16.765+0000] {manager.py:740} INFO - There are 1 files in /opt/airflow/dags
[2026-01-16T11:33:18.038+0000] {manager.py:878} INFO - 
================================================================================
DAG File Processing Stats

File Path                           PID  Runtime      # DAGs    # Errors  Last Runtime    Last Run
--------------------------------  -----  ---------  --------  ----------  --------------  ----------
/opt/airflow/dags/iceberg_dag.py    158  0.39s             0           0
================================================================================
[2026-01-16T11:33:48.815+0000] {manager.py:878} INFO - 
================================================================================
DAG File Processing Stats

File Path                           PID  Runtime      # DAGs    # Errors  Last Runtime    Last Run
--------------------------------  -----  ---------  --------  ----------  --------------  -------------------
/opt/airflow/dags/iceberg_dag.py    163  0.01s             0           1  0.58s           2026-01-16T11:33:18
================================================================================
[2026-01-16T11:34:19.032+0000] {manager.py:878} INFO - 
================================================================================
DAG File Processing Stats

File Path                           PID  Runtime      # DAGs    # Errors  Last Runtime    Last Run
--------------------------------  -----  ---------  --------  ----------  --------------  -------------------
/opt/airflow/dags/iceberg_dag.py    168  0.01s             0           1  0.11s           2026-01-16T11:33:48
================================================================================
[2026-01-16T11:34:49.378+0000] {manager.py:878} INFO - 
================================================================================
DAG File Processing Stats

File Path                           PID  Runtime      # DAGs    # Errors  Last Runtime    Last Run
--------------------------------  -----  ---------  --------  ----------  --------------  -------------------
/opt/airflow/dags/iceberg_dag.py    173  0.00s             0           1  0.23s           2026-01-16T11:34:19
================================================================================
[2026-01-16T11:35:19.746+0000] {manager.py:878} INFO - 
================================================================================
DAG File Processing Stats

File Path                           PID  Runtime      # DAGs    # Errors  Last Runtime    Last Run
--------------------------------  -----  ---------  --------  ----------  --------------  -------------------
/opt/airflow/dags/iceberg_dag.py    178  0.01s             0           1  0.18s           2026-01-16T11:34:49
================================================================================
[2026-01-16T11:35:50.098+0000] {manager.py:878} INFO - 
================================================================================
DAG File Processing Stats

File Path                           PID  Runtime      # DAGs    # Errors  Last Runtime    Last Run
--------------------------------  -----  ---------  --------  ----------  --------------  -------------------
/opt/airflow/dags/iceberg_dag.py    183  0.00s             0           1  0.15s           2026-01-16T11:35:19
================================================================================
[2026-01-16T11:36:20.432+0000] {manager.py:878} INFO - 
================================================================================
DAG File Processing Stats

File Path                           PID  Runtime      # DAGs    # Errors  Last Runtime    Last Run
--------------------------------  -----  ---------  --------  ----------  --------------  -------------------
/opt/airflow/dags/iceberg_dag.py    188  0.00s             0           1  0.11s           2026-01-16T11:35:50
================================================================================
[2026-01-16T11:38:42.760+0000] {manager.py:470} INFO - Processing files using up to 2 processes at a time 
[2026-01-16T11:38:42.762+0000] {manager.py:471} INFO - Process each file at most once every 30 seconds
[2026-01-16T11:38:42.765+0000] {manager.py:472} INFO - Checking for new files in /opt/airflow/dags every 300 seconds
[2026-01-16T11:38:42.767+0000] {manager.py:737} INFO - Searching for files in /opt/airflow/dags
[2026-01-16T11:38:42.792+0000] {manager.py:740} INFO - There are 1 files in /opt/airflow/dags
[2026-01-16T11:38:43.460+0000] {manager.py:878} INFO - 
================================================================================
DAG File Processing Stats

File Path                           PID  Runtime      # DAGs    # Errors  Last Runtime    Last Run
--------------------------------  -----  ---------  --------  ----------  --------------  ----------
/opt/airflow/dags/iceberg_dag.py    159  0.11s             0           0
================================================================================
[2026-01-16T11:39:13.566+0000] {manager.py:878} INFO - 
================================================================================
DAG File Processing Stats

File Path                         PID    Runtime      # DAGs    # Errors  Last Runtime    Last Run
--------------------------------  -----  ---------  --------  ----------  --------------  -------------------
/opt/airflow/dags/iceberg_dag.py                           1           0  1.66s           2026-01-16T11:38:45
================================================================================
[2026-01-16T11:39:43.941+0000] {manager.py:878} INFO - 
================================================================================
DAG File Processing Stats

File Path                         PID    Runtime      # DAGs    # Errors  Last Runtime    Last Run
--------------------------------  -----  ---------  --------  ----------  --------------  -------------------
/opt/airflow/dags/iceberg_dag.py                           1           0  0.39s           2026-01-16T11:39:16
================================================================================
